Running gradient descent...
x = [10,20,30,40,50], y = [1,2,3,4,5]

w_hist:  [0.09999999999999998, 0.09999999999999998, 0.09999999999999998, 0.09999999999999998, 0.09999999999999998]
b_hist:  [6.661273283833007e-16, 6.661273283833007e-16, 6.662161462252707e-16, 6.662161462252707e-16, 6.662161462252707e-16]

w=0.100000, b=0.000000

y=0.10x+0.00
Running ascii generator...
,,,,,,,,,,:::::;::::,::::,,,,:,,,,,:,,,,,,,,,,,,:,,,,:,,,,,,,,,,,,,,,,,,,,,,,,,,
,,,,,,,,,,:::::;::::,::::,,,,:,,,,,:,,,,,,,,,,,,:,,,,:,,,,,,,,,,,,,,,,,,,,,,,,,,
,,,,,,,,,::::::;::::,:::,,,,,:,,,,,,,,::::::,,,,:,,,,:,,,,,,,,,,,,,,,,,,,,,,,,,,
,,,,,,,,,:::::::::::,:::,,,,,:,,,,,;*?%SSS%?*;,,:,,,,:,,,,,,,,,,,,,,,,,,,,,,,,,,
,,,,,,,,,::::::;::::,::,,,,,,:,,,+SS%?????%%SS?;:,,,,:,,,,,,,,,,,,,,,,,,,,,,,,,,
,,,,,,,,,::::::;::::,::,,,,,,:,:%#S%%%%%%%%?SS%%*:,,,:,,,,,,,,,,,,,,,,,,,,,,,,,,
,,,,,,,,,::::::;::::,::,,,,,,,;S#SSS#S#SS##%S#S%??:,,:,,,,,,,,,,,,,,,,,,,,,,,,,,
,,,,,,,,,::::::;::::,:::,,,,,;#@S%SSS####SS%S#S??*?:,:,,,,,,,,,,,,,,,,,,,,,,,,,,
,,,,,,,,:::::::;::::,::,,,,,:S@S%SSSSSSSSS%%%SS?*??%;:,,,,,,,,,,,,,,,,,,,,,,,,,,
,,,,,,,,:::::::;::::,::,,,,,?@#%%SSSSSSSS%?????????S*:,,,,,,,,,,,,,,,,,,,,,,,,,,
:,,,,,,,:::::::;::::,::,,,,+#SS%%%??????*+++++;+?????:,,,,,,,,,,,,,,,,,,,,,,,,,,
,,,,,,,,,,:::::;::::,::,,,:%@SS%?**+++++;;;;;;;;+*??%?,,,,,,,,,,,,,,,,,,,,,,,,,,
,,,,,,,,:::::::;::::,::,,,:%#%%?*++;;;;;;;;;;;;::;??%S:,,,,,,,,,,,,,,,,,,,,,,,,,
:,,,,,,,:::::::;:::,,::,,:?+*%?+;;;;;;;;;;;;;;;:::+???;,,,,,,,,,,,,,,,,,,,,,,,,,
:,,,,,,,:::::::;::::,::,,*#;*S?+;;;;;;;;;;;;;;::::;??**+,,,,,,,,,,,,,,,,,,,,,,,,
:,,,,,,,:::::::;::::,::,,%S+SS?+;;;;;;;;;;;;;:::::+?%?*?;,,,,,,,,,,,,:,,,,,,,,,,
:,,,,,,,:::::::;::::,::,:%#@@S?+;+++*++;;;;;++;;::;?%#S?;,,,,,,,,,,,,:,,,,,,,,,,
:,,,,:,,:::::::;::::,:::%S@@@S?;+**??**+;;+**?**+;;?S#@S*:,,,,,,,,,,,:,,,,,,,,,,
:,,,::,::::::::;::::::::#S#@@#*++++**++;;;++++++++;*S@@S**,,,,,,,,,,,:,,,,,,,,,,
:,,,::,::::::::;::::,::;SS#@@@*+;+*S%+++;++++?%?++;+#@@#??:,,,,,,,,,,:,,,,,,,,,,
:,,,,::::::::::;:::::,,:SS#@@@*;;+*S%+++;:***%S?*+;;#@@#%%:,,,:::,,,,:,,,:::,,,,
:,,,,::::::::::;::::::,:SS##@#+;;;+*++++;:+***?*+;:;#@@SSS,,,,,,,,,,,:,,,,,,,,,,
:,,,::::::,::::;::::::::SSS#@#+;;;;;++++;:;**+;;:::;#@#SS%,,,,,,,,,,,:,,,,,,,,,,
:,,:::,::::::::;::::::::%#S###+;;;;;+;++;::++;;::::;#@#S#%,,,,,,,,,,,:,,,,,,,,,,
:,:,,,,::::;*;:;:::::::,?#SSS#+;;;;;;;++;;:;;;;;:::;###S#*,,,,,,,,,,,:,,,,,,,,,,
:,,,,::::::*#%*;:::::::,*#%%S@+;;;;;;;++;;:;;;;;;;;+@#SS@+,,,,,,,,,,,:;;,,,,,,,,
:,:::::::::?S%*;::::::::+#%SS@*;;;;;;;++;;+;;;;;;;;*@SSS#:,,,,,,,,,,,:%%:,,,,,,,
:,:::::::::;;+:;:::::::::SSSS@%;;;;;;;++++*;;;;;;;;%@#S#S,,,,,,,,,,,,;*;,,,,,,,,
:::::::::::::::;:::::::::S#S#@S;;;;;;;++;;;::;;;;++S@###S*;,,,,,,,,,,::,,,,,,,,,
:::::::::::::::;::::::::,*#S#@#;;;;;;;+;;;;;;:;;;++#@@####S:,:::::::,:,,::::::,,
:::::::::::::::;::::::::,;@#@@#+;;;;;;;;;;;;;;;;*%%@@@##S#*,,::,,,::,:,,:,,,,:,,
:::::::::::::::;::::::::::%@#@#+;;;;;;++*****+;*@@##@#@?%?,::,:,,,::,:,,,,,,,:,,
:::::::::::::::;:::::::::::?#;:;;;;;++****++*++?@###S@%:%;,::::::,::,:,,,:,,,:,,
:::::::::::::::;::::::::::::?::;++;;;;;;;+;;;++*#@@#?%,;?,:::::::,::,:,,,:,,,:,,
:::::::::::::::;::::::::::::+;:;+++;;;;;;++;;;+;*SSS?;:**::::::::,:::::,::,,,::,
:::::::::::::::;::::::::::::;+:;++++;;;;;;;;;;;+*+,;S*?;+::::::::::::::,::,,,::,
::::,,:::::::::;:::::::::::::*;++;++;;;;;;;;;;;+*+,:+;:,+::::::::::::::,::::,::,
:::,,::::::::::;:::::;;;++**?S@%;;+++;;;;;;;;;++*****;;:+:,::::::::::::,::::,:::
:::::::::::::::;;;+********?#@@*;;;+++;;;;;;+++++%@S%???%*;::,:::::::::,::::,:::
:::::::::::::;+**?***+*?*?S@@@%++;;+++++;++++*+++?@@#%**?%?%?+;:::::::::::::::::
::::::::::;+*?*******%@@@@@@@S**++;+++++++++**+++*#@@#S???**??%?;,::::::::::::::
::::::::;*??********S@@@@@@@@S+?+;;+++;;;;;+**+++;S#@@##S%???**?%+,:::::::::::::
:::::::;??********?S@@@@@@@@@#+?++;++++;;;+***+++;S##@###S%%?????S;:::::::::::::
:::::::??******???@@@@@@@@@@@@***+;;++++;++**+++++##@@@###SS%%%??%?:::::::::::::

